<?xml version="1.0" encoding="UTF-8"?>
<!-- Generated by org.testng.reporters.JUnitXMLReporter -->
<testsuite ignored="1" hostname="DESKTOP-O365DJT" failures="0" tests="2" name="test2" time="32.942" errors="0" timestamp="2019-12-17T08:33:43 IST">
  <testcase classname="Day_032_TestNG_Groups.AllTests" name="Mercury" time="18.148"/>
  <testcase classname="Day_032_TestNG_Groups.AllTests" name="OrangeHRM" time="14.741"/>
  <testcase classname="Day_032_TestNG_Groups.AllTests" name="Google" time="0.0">
    <ignored/>
  </testcase> <!-- Google -->
</testsuite> <!-- test2 -->
