<?xml version="1.0" encoding="UTF-8"?>
<!-- Generated by org.testng.reporters.JUnitXMLReporter -->
<testsuite ignored="0" hostname="DESKTOP-O365DJT" failures="1" tests="2" name="Batch-Listeners" time="19.423" errors="0" timestamp="2019-12-19T09:02:48 IST">
  <testcase classname="Day_034_TestNG_Listeners.TestCases" name="Test1" time="19.332"/>
  <testcase classname="Day_034_TestNG_Listeners.TestCases" name="Test2" time="0.02">
    <failure type="java.lang.AssertionError" message="did not expect to find [true] but found [false]">
      <![CDATA[java.lang.AssertionError: did not expect to find [true] but found [false]
at Day_034_TestNG_Listeners.TestCases.Test2(TestCases.java:38)
at java.base/java.util.ArrayList.forEach(ArrayList.java:1540)
... Removed 31 stack frames]]>
    </failure>
  </testcase> <!-- Test2 -->
</testsuite> <!-- Batch-Listeners -->
